<?xml version="1.0" encoding="UTF-8"?>
<!-- Generated by org.testng.reporters.JUnitReportReporter -->
<testsuite skipped="0" hostname="Abdou-PC" name="com.restAssuredTestng.testCases.TC006_deleteOneEmployeeTest" tests="5" failures="0" timestamp="03 Apr 2021 20:01:09 GMT" time="0.003" errors="0">
  <testcase name="checkStatusCode" time="0.000" classname="com.restAssuredTestng.testCases.TC006_deleteOneEmployeeTest"/>
  <testcase name="checkServer" time="0.001" classname="com.restAssuredTestng.testCases.TC006_deleteOneEmployeeTest"/>
  <testcase name="checkTime" time="0.001" classname="com.restAssuredTestng.testCases.TC006_deleteOneEmployeeTest"/>
  <testcase name="checkStatusLine" time="0.000" classname="com.restAssuredTestng.testCases.TC006_deleteOneEmployeeTest"/>
  <testcase name="checkBody" time="0.001" classname="com.restAssuredTestng.testCases.TC006_deleteOneEmployeeTest"/>
</testsuite> <!-- com.restAssuredTestng.testCases.TC006_deleteOneEmployeeTest -->
