<?xml version="1.0" encoding="UTF-8"?>
<!-- Generated by org.testng.reporters.JUnitReportReporter -->
<testsuite skipped="0" hostname="Abdou-PC" name="com.restAssuredTestng.testCases.TC003_createEmployeeTest" tests="8" failures="0" timestamp="03 Apr 2021 20:01:09 GMT" time="0.001" errors="0">
  <testcase name="checkServer" time="0.000" classname="com.restAssuredTestng.testCases.TC003_createEmployeeTest"/>
  <testcase name="checkAge" time="0.000" classname="com.restAssuredTestng.testCases.TC003_createEmployeeTest"/>
  <testcase name="checkTime" time="0.000" classname="com.restAssuredTestng.testCases.TC003_createEmployeeTest"/>
  <testcase name="checkSalary" time="0.000" classname="com.restAssuredTestng.testCases.TC003_createEmployeeTest"/>
  <testcase name="checkName" time="0.000" classname="com.restAssuredTestng.testCases.TC003_createEmployeeTest"/>
  <testcase name="checkStatusCode" time="0.001" classname="com.restAssuredTestng.testCases.TC003_createEmployeeTest"/>
  <testcase name="checkStatusLine" time="0.000" classname="com.restAssuredTestng.testCases.TC003_createEmployeeTest"/>
  <testcase name="checkContentType" time="0.000" classname="com.restAssuredTestng.testCases.TC003_createEmployeeTest"/>
</testsuite> <!-- com.restAssuredTestng.testCases.TC003_createEmployeeTest -->
