<?xml version="1.0" encoding="UTF-8"?>
<!-- Generated by org.testng.reporters.JUnitReportReporter -->
<testsuite skipped="0" hostname="Abdou-PC" name="com.restAssuredTestng.testCases.TC005_updateEmployeeTest" tests="7" failures="0" timestamp="03 Apr 2021 20:01:09 GMT" time="0.000" errors="0">
  <testcase name="checkName" time="0.000" classname="com.restAssuredTestng.testCases.TC005_updateEmployeeTest"/>
  <testcase name="checkTime" time="0.000" classname="com.restAssuredTestng.testCases.TC005_updateEmployeeTest"/>
  <testcase name="checkContentType" time="0.000" classname="com.restAssuredTestng.testCases.TC005_updateEmployeeTest"/>
  <testcase name="checkAge" time="0.000" classname="com.restAssuredTestng.testCases.TC005_updateEmployeeTest"/>
  <testcase name="checkStatusCode" time="0.000" classname="com.restAssuredTestng.testCases.TC005_updateEmployeeTest"/>
  <testcase name="checkStatusLine" time="0.000" classname="com.restAssuredTestng.testCases.TC005_updateEmployeeTest"/>
  <testcase name="checkSalary" time="0.000" classname="com.restAssuredTestng.testCases.TC005_updateEmployeeTest"/>
</testsuite> <!-- com.restAssuredTestng.testCases.TC005_updateEmployeeTest -->
