<?xml version="1.0" encoding="UTF-8"?>
<!-- Generated by org.testng.reporters.JUnitReportReporter -->
<testsuite skipped="0" hostname="Abdou-PC" name="com.restAssuredTestng.testCases.TC002_getOneEmployeeTest" tests="6" failures="0" timestamp="03 Apr 2021 20:01:09 GMT" time="0.006" errors="0">
  <testcase name="checkName" time="0.000" classname="com.restAssuredTestng.testCases.TC002_getOneEmployeeTest"/>
  <testcase name="checkStatusLine" time="0.000" classname="com.restAssuredTestng.testCases.TC002_getOneEmployeeTest"/>
  <testcase name="checkContentType" time="0.006" classname="com.restAssuredTestng.testCases.TC002_getOneEmployeeTest"/>
  <testcase name="checkStatusCode" time="0.000" classname="com.restAssuredTestng.testCases.TC002_getOneEmployeeTest"/>
  <testcase name="checkTime" time="0.000" classname="com.restAssuredTestng.testCases.TC002_getOneEmployeeTest"/>
  <testcase name="checkServer" time="0.000" classname="com.restAssuredTestng.testCases.TC002_getOneEmployeeTest"/>
</testsuite> <!-- com.restAssuredTestng.testCases.TC002_getOneEmployeeTest -->
